This is pdfTeX, Version 3.14159265-2.6-1.40.16 (TeX Live 2015/Debian) (preloaded format=pdflatex 2016.9.8)  12 SEP 2016 15:42
entering extended mode
 restricted \write18 enabled.
 %&-line parsing enabled.
**report.tex
(./report.tex
LaTeX2e <2016/02/01>
Babel <3.9q> and hyphenation patterns for 81 language(s) loaded.
(./config.tex (/usr/share/texlive/texmf-dist/tex/latex/eskdx/eskdtext.cls
Document Class: eskdtext 2010/01/14 v0.98 Textual Documentation
(/usr/share/texlive/texmf-dist/tex/latex/extsizes/extarticle.cls
Document Class: extarticle 1996/10/08 v1.0 Non Standard LaTeX document class
(/usr/share/texlive/texmf-dist/tex/latex/extsizes/size14.clo
File: size14.clo 1999/11/11 v1.4a NON-Standard LaTeX file (size option)
)
(/usr/share/texlive/texmf-dist/tex/latex/base/exscale.sty
Package: exscale 2014/09/29 v2.1h Standard LaTeX package exscale
LaTeX Font Info:    Redeclaring symbol font `largesymbols' on input line 57.
LaTeX Font Info:    Overwriting symbol font `largesymbols' in version `normal'
(Font)                  OMX/cmex/m/n --> OMX/cmex/m/n on input line 57.
LaTeX Font Info:    Overwriting symbol font `largesymbols' in version `bold'
(Font)                  OMX/cmex/m/n --> OMX/cmex/m/n on input line 57.
\big@size=\dimen102
)
\c@part=\count79
\c@section=\count80
\c@subsection=\count81
\c@subsubsection=\count82
\c@paragraph=\count83
\c@subparagraph=\count84
\c@figure=\count85
\c@table=\count86
\abovecaptionskip=\skip41
\belowcaptionskip=\skip42
\bibindent=\dimen103
)
(/usr/share/texlive/texmf-dist/tex/latex/eskdx/eskdlang.sty
Package: eskdlang 2010/01/14 v0.98 Language

(/usr/share/texlive/texmf-dist/tex/generic/babel/babel.sty
Package: babel 2016/02/24 3.9q The Babel package

(/usr/share/texlive/texmf-dist/tex/generic/babel-russian/russianb.ldf
Language: russianb 2016/02/18 1.3h Russian support for the Babel system

(/usr/share/texlive/texmf-dist/tex/generic/babel/babel.def
File: babel.def 2016/02/24 3.9q Babel common definitions
\babel@savecnt=\count87
\U@D=\dimen104
)

Package babel Warning: No Cyrillic font encoding has been loaded so far.
(babel)                A font encoding should be declared before babel.
(babel)                Default `T2A' encoding will be loaded  on input line 69.


(/usr/share/texlive/texmf-dist/tex/latex/cyrillic/t2aenc.def
File: t2aenc.def 2005/09/27 v1.0i Cyrillic encoding definition file
)

Package babel Warning: No input encoding specified for Russian language on inpu
t line 110.

Package babel Info: Making " an active character on input line 111.
)) (/usr/share/texlive/texmf-dist/tex/latex/eskdx/eskdrussian.def
File: eskdrussian.def 2010/01/17 v0.98 Language File
\ESKDexplanWidth=\skip43
))
(/usr/share/texlive/texmf-dist/tex/latex/eskdx/eskdstamp.sty
Package: eskdstamp 2011/05/06 v0.98 Stamp GOST 2.104-68

(/usr/share/texlive/texmf-dist/tex/latex/tools/calc.sty
Package: calc 2014/10/28 v4.3 Infix arithmetic (KKT,FJ)
\calc@Acount=\count88
\calc@Bcount=\count89
\calc@Adimen=\dimen105
\calc@Bdimen=\dimen106
\calc@Askip=\skip44
\calc@Bskip=\skip45
LaTeX Info: Redefining \setlength on input line 80.
LaTeX Info: Redefining \addtolength on input line 81.
\calc@Ccount=\count90
\calc@Cskip=\skip46
)
\ESKD@margin@si=\skip47
\ESKD@margin@so=\skip48
\ESKD@margin@t=\skip49
\ESKD@margin@b=\skip50
\ESKDlineThick=\skip51
\ESKDlineThin=\skip52
\ESKD@padding@h=\skip53
\ESKD@padding@v=\skip54

(/usr/share/texlive/texmf-dist/tex/latex/graphics/keyval.sty
Package: keyval 2014/10/28 v1.15 key=value parser (DPC)
\KV@toks@=\toks14
)
(/usr/share/texlive/texmf-dist/tex/latex/geometry/geometry.sty
Package: geometry 2010/09/12 v5.6 Page Geometry

(/usr/share/texlive/texmf-dist/tex/generic/oberdiek/ifpdf.sty
Package: ifpdf 2011/01/30 v2.3 Provides the ifpdf switch (HO)
Package ifpdf Info: pdfTeX in PDF mode is detected.
)
(/usr/share/texlive/texmf-dist/tex/generic/oberdiek/ifvtex.sty
Package: ifvtex 2010/03/01 v1.5 Detect VTeX and its facilities (HO)
Package ifvtex Info: VTeX not detected.
)
(/usr/share/texlive/texmf-dist/tex/generic/ifxetex/ifxetex.sty
Package: ifxetex 2010/09/12 v0.6 Provides ifxetex conditional
)
\Gm@cnth=\count91
\Gm@cntv=\count92
\c@Gm@tempcnt=\count93
\Gm@bindingoffset=\dimen107
\Gm@wd@mp=\dimen108
\Gm@odd@mp=\dimen109
\Gm@even@mp=\dimen110
\Gm@layoutwidth=\dimen111
\Gm@layoutheight=\dimen112
\Gm@layouthoffset=\dimen113
\Gm@layoutvoffset=\dimen114
\Gm@dimlist=\toks15
)
(/usr/share/texlive/texmf-dist/tex/latex/lastpage/lastpage.sty
Package: lastpage 2015/03/29 v1.2m Refers to last page's name (HMM; JPG)
)
\ESKD@tmpdima=\skip55
\ESKD@tmpdimb=\skip56
\ESKD@tmpdimc=\skip57
\ESKD@tmpcnta=\count94
\ESKD@tmpcntb=\count95
\ESKD@zonelabel@hc=\count96
\ESKD@zonelabel@vc=\count97
\ESKD@zonelabel@hs=\skip58
\ESKD@zonelabel@vs=\skip59
\ESKD@zonelabel@cnt=\count98
\ESKD@origin@x=\skip60
\ESKD@origin@y=\skip61
\ESKDframeX=\skip62
\ESKDframeY=\skip63
\ESKDframeW=\skip64
\ESKDframeH=\skip65
\ESKDstampX=\skip66
\ESKDstampY=\skip67

(/usr/share/texlive/texmf-dist/tex/latex/eskdx/eskdfont.sty
Package: eskdfont 2010/01/14 v0.98 Font Definitions
)
(/usr/share/texlive/texmf-dist/tex/latex/rotating/rotating.sty
Package: rotating 2009/03/28 v2.16a rotated objects in LaTeX

(/usr/share/texlive/texmf-dist/tex/latex/graphics/graphicx.sty
Package: graphicx 2014/10/28 v1.0g Enhanced LaTeX Graphics (DPC,SPQR)

(/usr/share/texlive/texmf-dist/tex/latex/graphics/graphics.sty
Package: graphics 2016/01/03 v1.0q Standard LaTeX Graphics (DPC,SPQR)

(/usr/share/texlive/texmf-dist/tex/latex/graphics/trig.sty
Package: trig 2016/01/03 v1.10 sin cos tan (DPC)
)
(/usr/share/texlive/texmf-dist/tex/latex/latexconfig/graphics.cfg
File: graphics.cfg 2010/04/23 v1.9 graphics configuration of TeX Live
)
Package graphics Info: Driver file: pdftex.def on input line 95.

(/usr/share/texlive/texmf-dist/tex/latex/pdftex-def/pdftex.def
File: pdftex.def 2011/05/27 v0.06d Graphics/color for pdfTeX

(/usr/share/texlive/texmf-dist/tex/generic/oberdiek/infwarerr.sty
Package: infwarerr 2010/04/08 v1.3 Providing info/warning/error messages (HO)
)
(/usr/share/texlive/texmf-dist/tex/generic/oberdiek/ltxcmds.sty
Package: ltxcmds 2011/11/09 v1.22 LaTeX kernel commands for general use (HO)
)
\Gread@gobject=\count99
))
\Gin@req@height=\dimen115
\Gin@req@width=\dimen116
)
(/usr/share/texlive/texmf-dist/tex/latex/base/ifthen.sty
Package: ifthen 2014/09/29 v1.1c Standard LaTeX ifthen package (DPC)
)
\c@r@tfl@t=\count100
\rotFPtop=\skip68
\rotFPbot=\skip69
\rot@float@box=\box26
\rot@mess@toks=\toks16
)
\ESKD@frame@box=\box27
\ESKD@stamp@i@box=\box28
\ESKD@stamp@ii@box=\box29
\ESKD@stamp@ii@a@box=\box30
\ESKD@stamp@ii@b@box=\box31
\ESKD@columns@xix@box=\box32

(/usr/share/texlive/texmf-dist/tex/latex/eskdx/eskdhash.sty
Package: eskdhash 2010/01/14 v0.98 Hash Routines
)
\ESKD@hash@c@@style@draw@empty=\count101
\ESKD@hash@p@@style@draw@empty=\count102
\ESKD@hash@c@@style@draw@title=\count103
\ESKD@hash@p@@style@draw@title=\count104
\ESKD@hash@c@@style@draw@formI=\count105
\ESKD@hash@p@@style@draw@formI=\count106
\ESKD@hash@c@@style@draw@formII=\count107
\ESKD@hash@p@@style@draw@formII=\count108
\ESKD@hash@c@@style@draw@formIIab=\count109
\ESKD@hash@p@@style@draw@formIIab=\count110
\ESKD@curpad@h=\skip70
\ESKD@curpad@v=\skip71

(/usr/share/texlive/texmf-dist/tex/latex/ms/everyshi.sty
Package: everyshi 2001/05/15 v3.00 EveryShipout Package (MS)
)
(/usr/share/texlive/texmf-dist/tex/latex/changepage/chngpage.sty
Package: chngpage 2009/10/20 v1.2b change page layout
\c@cp@cnt=\count111
\c@cp@tempcnt=\count112
)
(/usr/share/texlive/texmf-dist/tex/latex/eskdx/eskdinfo.sty
Package: eskdinfo 2010/01/14 v0.98 Document Information

(/usr/share/texlive/texmf-dist/tex/latex/eskdx/eskdafterpkg.sty
Package: eskdafterpkg 2010/01/14 v0.98 Apply Commands After Package
)
After Package Info: Collect commands for hyperref on input line 99
))
(/usr/share/texlive/texmf-dist/tex/latex/eskdx/eskdindent.sty
Package: eskdindent 2010/01/14 v0.98 Paragraph Indent

(/usr/share/texlive/texmf-dist/tex/latex/tools/indentfirst.sty
Package: indentfirst 1995/11/23 v1.03 Indent first paragraph (DPC)
))
(/usr/share/texlive/texmf-dist/tex/latex/eskdx/eskdlist.sty
Package: eskdlist 2010/01/14 v0.98 List
)
(/usr/share/texlive/texmf-dist/tex/latex/eskdx/eskdsect.sty
Package: eskdsect 2010/01/14 v0.98 Sectioning
\ESKDsectionSkipBefore=\skip72
\ESKDsectionSkipAfter=\skip73
\ESKDsubsectionSkipBefore=\skip74
\ESKDsubsectionSkipAfter=\skip75
\ESKDsubsubsectionSkipBefore=\skip76
\ESKDsubsubsectionSkipAfter=\skip77
\c@point=\count113
\c@subpoint=\count114
\c@subsubpoint=\count115
\c@appendix=\count116
\ESKDappendixSkip=\skip78
)
(/usr/share/texlive/texmf-dist/tex/latex/eskdx/eskdcap.sty
Package: eskdcap 2010/01/14 v0.98 Captions

(/usr/share/texlive/texmf-dist/tex/latex/caption/caption.sty
Package: caption 2016/02/21 v3.3-144 Customizing captions (AR)

(/usr/share/texlive/texmf-dist/tex/latex/caption/caption3.sty
Package: caption3 2016/02/04 v1.7-139 caption3 kernel (AR)
Package caption3 Info: TeX engine: e-TeX on input line 67.
\captionmargin=\dimen117
\captionmargin@=\dimen118
\captionwidth=\dimen119
\caption@tempdima=\dimen120
\caption@indent=\dimen121
\caption@parindent=\dimen122
\caption@hangindent=\dimen123
)
\c@ContinuedFloat=\count117
Package caption Info: rotating package is loaded.
))
(/usr/share/texlive/texmf-dist/tex/latex/eskdx/eskdfootnote.sty
Package: eskdfootnote 2010/01/14 v0.98 Footnote Settings

(/usr/share/texlive/texmf-dist/tex/latex/amsmath/amsmath.sty
Package: amsmath 2016/03/03 v2.15a AMS math features
\@mathmargin=\skip79

For additional information on amsmath, use the `?' option.
(/usr/share/texlive/texmf-dist/tex/latex/amsmath/amstext.sty
Package: amstext 2000/06/29 v2.01 AMS text

(/usr/share/texlive/texmf-dist/tex/latex/amsmath/amsgen.sty
File: amsgen.sty 1999/11/30 v2.0 generic functions
\@emptytoks=\toks17
\ex@=\dimen124
))
(/usr/share/texlive/texmf-dist/tex/latex/amsmath/amsbsy.sty
Package: amsbsy 1999/11/29 v1.2d Bold Symbols
\pmbraise@=\dimen125
)
(/usr/share/texlive/texmf-dist/tex/latex/amsmath/amsopn.sty
Package: amsopn 1999/12/14 v2.01 operator names
)
\inf@bad=\count118
LaTeX Info: Redefining \frac on input line 199.
\uproot@=\count119
\leftroot@=\count120
LaTeX Info: Redefining \overline on input line 297.
\classnum@=\count121
\DOTSCASE@=\count122
LaTeX Info: Redefining \ldots on input line 394.
LaTeX Info: Redefining \dots on input line 397.
LaTeX Info: Redefining \cdots on input line 518.
\Mathstrutbox@=\box33
\strutbox@=\box34
\big@size=\dimen126
LaTeX Font Info:    Redeclaring font encoding OML on input line 630.
LaTeX Font Info:    Redeclaring font encoding OMS on input line 631.
\macc@depth=\count123
\c@MaxMatrixCols=\count124
\dotsspace@=\muskip10
\c@parentequation=\count125
\dspbrk@lvl=\count126
\tag@help=\toks18
\row@=\count127
\column@=\count128
\maxfields@=\count129
\andhelp@=\toks19
\eqnshift@=\dimen127
\alignsep@=\dimen128
\tagshift@=\dimen129
\tagwidth@=\dimen130
\totwidth@=\dimen131
\lineht@=\dimen132
\@envbody=\toks20
\multlinegap=\skip80
\multlinetaggap=\skip81
\mathdisplay@stack=\toks21
LaTeX Info: Redefining \[ on input line 2735.
LaTeX Info: Redefining \] on input line 2736.
)
(/usr/share/texlive/texmf-dist/tex/latex/oberdiek/zref-perpage.sty
Package: zref-perpage 2012/04/04 v2.24 Module perpage for zref (HO)

(/usr/share/texlive/texmf-dist/tex/latex/oberdiek/zref-base.sty
Package: zref-base 2012/04/04 v2.24 Module base for zref (HO)

(/usr/share/texlive/texmf-dist/tex/generic/oberdiek/kvsetkeys.sty
Package: kvsetkeys 2012/04/25 v1.16 Key value parser (HO)

(/usr/share/texlive/texmf-dist/tex/generic/oberdiek/etexcmds.sty
Package: etexcmds 2011/02/16 v1.5 Avoid name clashes with e-TeX commands (HO)

(/usr/share/texlive/texmf-dist/tex/generic/oberdiek/ifluatex.sty
Package: ifluatex 2010/03/01 v1.3 Provides the ifluatex switch (HO)
Package ifluatex Info: LuaTeX not detected.
)
Package etexcmds Info: Could not find \expanded.
(etexcmds)             That can mean that you are not using pdfTeX 1.50 or
(etexcmds)             that some package has redefined \expanded.
(etexcmds)             In the latter case, load this package earlier.
))
(/usr/share/texlive/texmf-dist/tex/generic/oberdiek/kvdefinekeys.sty
Package: kvdefinekeys 2011/04/07 v1.3 Define keys (HO)
)
(/usr/share/texlive/texmf-dist/tex/generic/oberdiek/pdftexcmds.sty
Package: pdftexcmds 2011/11/29 v0.20 Utility functions of pdfTeX for LuaTeX (HO
)
Package pdftexcmds Info: LuaTeX not detected.
Package pdftexcmds Info: \pdf@primitive is available.
Package pdftexcmds Info: \pdf@ifprimitive is available.
Package pdftexcmds Info: \pdfdraftmode found.
)
(/usr/share/texlive/texmf-dist/tex/latex/oberdiek/auxhook.sty
Package: auxhook 2011/03/04 v1.3 Hooks for auxiliary files (HO)
)
Package zref Info: New property list: main on input line 759.
Package zref Info: New property: default on input line 760.
Package zref Info: New property: page on input line 761.
)
(/usr/share/texlive/texmf-dist/tex/latex/oberdiek/zref-abspage.sty
Package: zref-abspage 2012/04/04 v2.24 Module abspage for zref (HO)

(/usr/share/texlive/texmf-dist/tex/generic/oberdiek/atbegshi.sty
Package: atbegshi 2011/10/05 v1.16 At begin shipout hook (HO)
)
\c@abspage=\count130
Package zref Info: New property: abspage on input line 62.
)
Package zref Info: New property: pagevalue on input line 54.
Package zref Info: New property list: perpage on input line 55.
\c@zpage=\count131
\c@zref@unique=\count132
))
(/usr/share/texlive/texmf-dist/tex/latex/eskdx/eskdbiblist.sty
Package: eskdbiblist 2010/01/14 v0.98 Bibliography List
)
(/usr/share/texlive/texmf-dist/tex/latex/eskdx/eskdexplan.sty
Package: eskdexplan 2010/01/19 v0.98 ESKD Explanation
\ESKDexplanIndent=\skip82
)
(/usr/share/texlive/texmf-dist/tex/latex/eskdx/eskdtitlebase.sty
Package: eskdtitlebase 2010/01/14 v0.98 Base Title Commands
\ESKD@title@agreed@cnt=\count133
\ESKD@title@designed@cnt=\count134
)
(/usr/share/texlive/texmf-dist/tex/latex/eskdx/eskdtitle.sty
Package: eskdtitle 2010/01/14 v0.98 Title GOST 2.105
))
(/usr/share/texlive/texmf-dist/tex/latex/eskdx/eskdplain.sty
Package: eskdplain 2011/05/09 v0.98 Plain Page Style
\ESKD@hash@c@@style@draw@plain=\count135
\ESKD@hash@p@@style@draw@plain=\count136
)
(/usr/share/texlive/texmf-dist/tex/latex/base/inputenc.sty
Package: inputenc 2015/03/17 v1.2c Input encoding file
\inpenc@prehook=\toks22
\inpenc@posthook=\toks23

(/usr/share/texlive/texmf-dist/tex/latex/ucs/utf8x.def
File: utf8x.def 2004/10/17 UCS: Input encoding UTF-8
))
(/usr/share/texlive/texmf-dist/tex/latex/ucs/ucs.sty
Package: ucs 2013/05/11 v2.2 UCS: Unicode input support

(/usr/share/texlive/texmf-dist/tex/latex/ucs/data/uni-global.def
File: uni-global.def 2013/05/13 UCS: Unicode global data
)
\uc@secondtry=\count137
\uc@combtoks=\toks24
\uc@combtoksb=\toks25
\uc@temptokena=\toks26
)
(/usr/share/texlive/texmf-dist/tex/latex/listings/listings.sty
\lst@mode=\count138
\lst@gtempboxa=\box35
\lst@token=\toks27
\lst@length=\count139
\lst@currlwidth=\dimen133
\lst@column=\count140
\lst@pos=\count141
\lst@lostspace=\dimen134
\lst@width=\dimen135
\lst@newlines=\count142
\lst@lineno=\count143
\lst@maxwidth=\dimen136

(/usr/share/texlive/texmf-dist/tex/latex/listings/lstmisc.sty
File: lstmisc.sty 2015/06/04 1.6 (Carsten Heinz)
\c@lstnumber=\count144
\lst@skipnumbers=\count145
\lst@framebox=\box36
)
(/usr/share/texlive/texmf-dist/tex/latex/listings/listings.cfg
File: listings.cfg 2015/06/04 1.6 listings configuration
))
Package: listings 2015/06/04 1.6 (Carsten Heinz)


! LaTeX Error: File `cyrtimes.sty' not found.

Type X to quit or <RETURN> to proceed,
or enter new name. (Default extension: sty)

Enter file name: 
(/usr/share/texlive/texmf-dist/tex/latex/enumitem/enumitem.sty
Package: enumitem 2011/09/28 v3.5.2 Customized lists
\labelindent=\skip83
\enit@outerparindent=\dimen137
\enit@toks=\toks28
\enit@inbox=\box37
\enitdp@description=\count146
)
(/usr/share/texlive/texmf-dist/tex/latex/titlesec/titlesec.sty
Package: titlesec 2016/03/15 v2.10.1 Sectioning titles
\ttl@box=\box38
\beforetitleunit=\skip84
\aftertitleunit=\skip85
\ttl@plus=\dimen138
\ttl@minus=\dimen139
\ttl@toksa=\toks29
\titlewidth=\dimen140
\titlewidthlast=\dimen141
\titlewidthfirst=\dimen142
)
(/usr/share/texlive/texmf-dist/tex/latex/tools/longtable.sty
Package: longtable 2014/10/28 v4.11 Multi-page Table package (DPC)
\LTleft=\skip86
\LTright=\skip87
\LTpre=\skip88
\LTpost=\skip89
\LTchunksize=\count147
\LTcapwidth=\dimen143
\LT@head=\box39
\LT@firsthead=\box40
\LT@foot=\box41
\LT@lastfoot=\box42
\LT@cols=\count148
\LT@rows=\count149
\c@LT@tables=\count150
\c@LT@chunks=\count151
\LT@p@ftn=\toks30
)
(/usr/share/texlive/texmf-dist/tex/latex/tools/tabularx.sty
Package: tabularx 2014/10/28 v2.10 `tabularx' package (DPC)

(/usr/share/texlive/texmf-dist/tex/latex/tools/array.sty
Package: array 2014/10/28 v2.4c Tabular extension package (FMi)
\col@sep=\dimen144
\extrarowheight=\dimen145
\NC@list=\toks31
\extratabsurround=\skip90
\backup@length=\skip91
)
\TX@col@width=\dimen146
\TX@old@table=\dimen147
\TX@old@col=\dimen148
\TX@target=\dimen149
\TX@delta=\dimen150
\TX@cols=\count152
\TX@ftn=\toks32
)
(/usr/share/texlive/texmf-dist/tex/latex/eskdx/eskdtotal.sty
Package: eskdtotal 2010/01/14 v0.98 Total number of tables, figures, etc
\c@ESKD@figure=\count153
\c@ESKD@table=\count154
\c@ESKD@bibitem=\count155
)
(/usr/share/texlive/texmf-dist/tex/latex/setspace/setspace.sty
Package: setspace 2011/12/19 v6.7a set line spacing
)) (./report.aux
LaTeX Font Info:    Try loading font information for T2A+cmr on input line 5.

(/usr/share/texlive/texmf-dist/tex/latex/cyrillic/t2acmr.fd
File: t2acmr.fd 2001/08/11 v1.0a Computer Modern Cyrillic font definitions
))
\openout1 = `report.aux'.

LaTeX Font Info:    Checking defaults for OML/cmm/m/it on input line 3.
LaTeX Font Info:    ... okay on input line 3.
LaTeX Font Info:    Checking defaults for T1/cmr/m/n on input line 3.
LaTeX Font Info:    ... okay on input line 3.
LaTeX Font Info:    Checking defaults for OT1/cmr/m/n on input line 3.
LaTeX Font Info:    ... okay on input line 3.
LaTeX Font Info:    Checking defaults for OMS/cmsy/m/n on input line 3.
LaTeX Font Info:    ... okay on input line 3.
LaTeX Font Info:    Checking defaults for OMX/cmex/m/n on input line 3.
LaTeX Font Info:    ... okay on input line 3.
LaTeX Font Info:    Checking defaults for U/cmr/m/n on input line 3.
LaTeX Font Info:    ... okay on input line 3.
LaTeX Font Info:    Checking defaults for T2A/cmr/m/n on input line 3.
LaTeX Font Info:    ... okay on input line 3.

*geometry* driver: auto-detecting
*geometry* detected driver: pdftex
*geometry* verbose mode - [ preamble ] result:
* driver: pdftex
* paper: a4paper
* layout: <same size as paper>
* layoutoffset:(h,v)=(0.0pt,0.0pt)
* modes: 
* h-part:(L,W,R)=(65.44131pt, 509.30438pt, 22.76218pt)
* v-part:(T,H,B)=(42.67911pt, 759.68863pt, 42.67911pt)
* \paperwidth=597.50787pt
* \paperheight=845.04684pt
* \textwidth=509.30438pt
* \textheight=759.68863pt
* \oddsidemargin=-6.82867pt
* \evensidemargin=-6.82867pt
* \topmargin=-29.59088pt
* \headheight=0.0pt
* \headsep=0.0pt
* \topskip=14.0pt
* \footskip=0.0pt
* \marginparwidth=24.0pt
* \marginparsep=10.0pt
* \columnsep=10.0pt
* \skip\footins=12.0pt plus 4.0pt minus 2.0pt
* \hoffset=0.0pt
* \voffset=0.0pt
* \mag=1000
* \@twocolumnfalse
* \@twosidefalse
* \@mparswitchfalse
* \@reversemarginfalse
* (1in=72.27pt=25.4mm, 1cm=28.453pt)

Package lastpage Info: Please have a look at the pageslts package at
(lastpage)             https://www.ctan.org/pkg/pageslts
(lastpage)             ! on input line 3.
(/usr/share/texlive/texmf-dist/tex/context/base/supp-pdf.mkii
[Loading MPS to PDF converter (version 2006.09.02).]
\scratchcounter=\count156
\scratchdimen=\dimen151
\scratchbox=\box43
\nofMPsegments=\count157
\nofMParguments=\count158
\everyMPshowfont=\toks33
\MPscratchCnt=\count159
\MPscratchDim=\dimen152
\MPnumerator=\count160
\makeMPintoPDFobject=\count161
\everyMPtoPDFconversion=\toks34
) (/usr/share/texlive/texmf-dist/tex/latex/oberdiek/epstopdf-base.sty
Package: epstopdf-base 2010/02/09 v2.5 Base part for package epstopdf

(/usr/share/texlive/texmf-dist/tex/latex/oberdiek/grfext.sty
Package: grfext 2010/08/19 v1.1 Manage graphics extensions (HO)
)
(/usr/share/texlive/texmf-dist/tex/latex/oberdiek/kvoptions.sty
Package: kvoptions 2011/06/30 v3.11 Key value format for package options (HO)
)
Package grfext Info: Graphics extension search list:
(grfext)             [.png,.pdf,.jpg,.mps,.jpeg,.jbig2,.jb2,.PNG,.PDF,.JPG,.JPE
G,.JBIG2,.JB2,.eps]
(grfext)             \AppendGraphicsExtensions on input line 452.

(/usr/share/texlive/texmf-dist/tex/latex/latexconfig/epstopdf-sys.cfg
File: epstopdf-sys.cfg 2010/07/13 v1.3 Configuration of (r)epstopdf for TeX Liv
e
))

LaTeX Font Warning: Font shape `T2A/cmr/m/n' in size <20> not available
(Font)              size <20.74> substituted on input line 3.


LaTeX Font Warning: Font shape `T2A/cmr/m/sl' in size <20> not available
(Font)              size <20.74> substituted on input line 3.

! Undefined control sequence.
\ESKDcolumnXVIname ->\No 
                         \ \cyr \cyrd \cyro \cyrk \cyru \cyrm .
l.3 \begin{document}
                    
? 

LaTeX Font Warning: Font shape `T2A/cmr/m/n' in size <16> not available
(Font)              size <17.28> substituted on input line 3.


LaTeX Font Warning: Font shape `T2A/cmr/m/sl' in size <16> not available
(Font)              size <17.28> substituted on input line 3.

! Undefined control sequence.
\ESKDcolumnXVIname ->\No 
                         \ \cyr \cyrd \cyro \cyrk \cyru \cyrm .
l.3 \begin{document}
                    
? 
! Undefined control sequence.
\ESKDcolumnXVIname ->\No 
                         \ \cyr \cyrd \cyro \cyrk \cyru \cyrm .
l.3 \begin{document}
                    
? 
! Undefined control sequence.
\ESKDcolumnXVIname ->\No 
                         \ \cyr \cyrd \cyro \cyrk \cyru \cyrm .
l.3 \begin{document}
                    
? 
! Undefined control sequence.
\ESKDcolumnXIXname ->\cyr \CYRI \cyrn \cyrv . \No 
                                                  \ \cyrp \cyro \cyrd \cyrl .
l.3 \begin{document}
                    
? 
! Undefined control sequence.
\ESKDcolumnXXIname ...m . \cyri \cyrn \cyrv . \No 
                                                  
l.3 \begin{document}
                    
? 
! Undefined control sequence.
\ESKDcolumnXXIIname ...yr \CYRI \cyrn \cyrv . \No 
                                                  \ \cyrd \cyru \cyrb \cyrl .
l.3 \begin{document}
                    
? 
ABD: EveryShipout initializing macros
Package caption Info: Begin \AtBeginDocument code.
Package caption Info: Incompatible package detected (regarding \@caption).
(caption)             \@caption = \long macro:#1[#2]#3->\stepcounter {ESKD@#1}\
ESKD@old@caption {#1}[#2]{#3}.


Package caption Warning: \caption will not be redefined since it's already
(caption)                redefined by a document class or package which is
(caption)                unknown to the caption package.
See the caption package documentation for explanation.

Package caption Info: listings package is loaded.
Package caption Info: longtable package is loaded.
(/usr/share/texlive/texmf-dist/tex/latex/caption/ltcaption.sty
Package: ltcaption 2013/06/09 v1.4-94 longtable captions (AR)
)
Package caption Info: End \AtBeginDocument code.
\AtBeginShipoutBox=\box44

(/usr/share/texlive/texmf-dist/tex/latex/ucs/ucsencs.def
File: ucsencs.def 2011/01/21 Fixes to fontencodings LGR, T3
)
\c@lstlisting=\count162
 (./title.tex
(/usr/share/texlive/texmf-dist/tex/latex/ucs/data/uni-4.def
File: uni-4.def 2013/05/13 UCS: Unicode data U+0400..U+04FF
)) (./tz.tex
[1

{/var/lib/texmf/fonts/map/pdftex/updmap/pdftex.map}]

! LaTeX Error: Something's wrong--perhaps a missing \item.

See the LaTeX manual or LaTeX Companion for explanation.
Type  H <return>  for immediate help.
 ...                                              
                                                  
l.30    	\item
               С‚РёС‚СѓР»СЊРЅС‹Р№ Р»РёСЃС‚;
? 
[2]) (./referat.tex [3]
Underfull \hbox (badness 1270) in paragraph at lines 5--6
[]\T2A/cmr/m/n/14.4 МАНИПУЛЯТОР, OPENCV, ARDUINO, РО-БОТ, КОМ-ПЬЮ-ТЕР-НОЕ
 []

)
Underfull \hbox (badness 2277) in paragraph at lines 9--7
[]\T2A/cmr/m/n/14.4 Отчет по про-из-вод-ствен-ной прак-ти-ке на-пи-сан при по-м
о-щи си-сте-мы
 []

[4] (./report.toc)
\tf@toc=\write3
\openout3 = `report.toc'.

 [5] (./intro.tex
Underfull \hbox (badness 2600) in paragraph at lines 1--2
\T2A/cmr/m/n/14.4 ав-то-ма-ти-зи-ру-е-мый. По этой при-чине был ос-но-ван про-е
кт по раз-ра-бот-ке
 []


Underfull \hbox (badness 1888) in paragraph at lines 1--2
\T2A/cmr/m/n/14.4 по цве-ту и фор-ме, про-из-во-дить ма-ни-пу-ля-ции с ни-ми и 
по-да-вать блю-до
 []

) [6] (./manipulator.tex
(/usr/share/texlive/texmf-dist/tex/latex/ucs/data/uni-32.def
File: uni-32.def 2013/05/13 UCS: Unicode data U+2000..U+20FF
)
Underfull \hbox (badness 1430) in paragraph at lines 1--2
\T2A/cmr/m/n/14.4 и си-сте-мы при-во-дов, осу-ществ-ля-ю-щая под управ-ле-ни-ем
 про-грам-ми-ру-е-мо-го
 []


Underfull \hbox (badness 10000) in paragraph at lines 3--4
[]\T2A/cmr/m/n/14.4 Промышленные ро-бо-ты пред-на-зна-че-ны для за-ме-ны че-ло-
ве-ка при
 []


Underfull \hbox (badness 3769) in paragraph at lines 3--4
\T2A/cmr/m/n/14.4 со-зда-ва-е-мые на ба-зе про-мыш-лен-ных ро-бо-тов, поз-во-ля
-ют ре-шать за-да-чи
 []


Underfull \hbox (badness 1173) in paragraph at lines 3--4
\T2A/cmr/m/n/14.4 мел-ко-се-рий-ном и штуч-ном про-из-вод-стве. Про-мыш-лен-ные
 ро-бо-ты яв-ля-ют-ся
 []

) [7] (./arduino.tex
Underfull \hbox (badness 3514) in paragraph at lines 1--2
[]\T2A/cmr/m/n/14.4 Система управ-ле-ния ма-ни-пу-ля-то-ром, как пра-ви-ло, име
-ет несколь-ко
 []


Underfull \hbox (badness 10000) in paragraph at lines 1--2
\T2A/cmr/m/n/14.4 уров-ней, каж-дый из ко-то-рых мо-жет об-слу-жи-вать-ся соб-с
твен-ной
 []


Underfull \hbox (badness 5741) in paragraph at lines 1--2
\T2A/cmr/m/n/14.4 дви-га-те-лем, осу-ществ-ля-ю-щим дви-же-ние од-ной или неско
ль-ких сте-пе-ней
 []


Underfull \hbox (badness 2837) in paragraph at lines 1--2
\T2A/cmr/m/n/14.4 по-мо-щью цен-траль-но-го про-цес-со-ра ор-га-ни-зу-ет-ся ко-
ор-ди-ни-ро-ван-ная ра-бо-та
 []


Underfull \hbox (badness 1466) in paragraph at lines 5--6
[]\T2A/cmr/m/n/14.4 То, ка-кое по-ло-же-ние дол-жен за-нять сер-во-при-вод, за-
ви-сит от дли-ны
 []


Underfull \hbox (badness 1817) in paragraph at lines 5--6
\T2A/cmr/m/n/14.4 им-пуль-сов. Ко-гда сиг-нал по-сту-па-ет в управ-ля-ю-щую схе
-му, име-ю-щий-ся в
 []


Underfull \hbox (badness 1102) in paragraph at lines 5--6
\T2A/cmr/m/n/14.4 ней ге-не-ра-тор им-пуль-сов про-из-во-дит свой им-пульс, дли
-тель-ность ко-то-ро-го
 []


Underfull \hbox (badness 10000) in paragraph at lines 5--6
\T2A/cmr/m/n/14.4 двух им-пуль-сов. Ес-ли дли-тель-ность раз-ная, вклю-ча-ет-ся
 элек-тро-мо-тор.
 []

(/usr/share/texlive/texmf-dist/tex/latex/ucs/data/uni-0.def
File: uni-0.def 2013/05/13 UCS: Unicode data U+0000..U+00FF
) [8]) [9]
(./opencv.tex
Underfull \hbox (badness 8132) in paragraph at lines 1--2
[]\T2A/cmr/m/n/14.4 Машинное зре-ние ^^V это при-ме-не-ние ком-пью-тер-но-го зр
е-ния для
 []


Underfull \hbox (badness 3009) in paragraph at lines 1--2
\T2A/cmr/m/n/14.4 про-мыш-лен-но-сти и про-из-вод-ства. В то вре-мя как ком-пью
-тер-ное зре-ние
 []


Underfull \hbox (badness 1629) in paragraph at lines 3--4
[]\T2A/cmr/m/n/14.4 Компьютеры не мо-гут ѕви-детьї та-ким же об-ра-зом, как это
 де-ла-ет
 []


Underfull \hbox (badness 2221) in paragraph at lines 3--4
\T2A/cmr/m/n/14.4 че-ло-век. Фо-то-ка-ме-ры не эк-ви-ва-лент-ны си-сте-ме зре-н
ия че-ло-ве-ка, и в то
 []


Underfull \hbox (badness 1629) in paragraph at lines 3--4
\T2A/cmr/m/n/14.4 вре-мя как лю-ди мо-гут опи-рать-ся на до-гад-ки и пред-по-ло
-же-ния, си-сте-мы
 []


Underfull \hbox (badness 1622) in paragraph at lines 3--4
\T2A/cmr/m/n/14.4 ма-шин-но-го зре-ния долж-ны ѕви-детьї пу-тјм изу-че-ния от-д
ель-ных пик-се-лей
 []


Underfull \hbox (badness 1721) in paragraph at lines 3--4
\T2A/cmr/m/n/14.4 зри-тель-ное вос-при-я-тие че-ло-ве-ка, боль-шое ко-ли-че-ств
о уни-каль-ных ме-то-дов
 []


Underfull \hbox (badness 1616) in paragraph at lines 5--6
[]\T2A/cmr/m/n/14.4 Изображение с ка-ме-ры по-па-да-ет в за-хват-чик кад-ров ил
и в па-мять
 []


Underfull \hbox (badness 1371) in paragraph at lines 9--10
\T2A/cmr/m/n/14.4 умень-ше-ния шу-ма или кон-вер-та-ции мно-же-ства от-тен-ков 
се-ро-го в про-стое
 []

[10]
Underfull \hbox (badness 6526) in paragraph at lines 11--12
[]\T2A/cmr/m/n/14.4 OpenCV (ан-гл. Open Source Computer Vision Library, биб-лио
-те-ка
 []


Underfull \hbox (badness 1831) in paragraph at lines 11--12
\T2A/cmr/m/n/14.4 для Python, Java, Ruby, Matlab, Lua и дру-гих язы-ков. Мо-жет
 сво-бод-но
 []


Underfull \hbox (badness 1675) in paragraph at lines 22--23
[]\T2A/cmr/m/n/14.4 opencv_calib3d ^^V ка-либ-ров-ка ка-ме-ры, по-иск стерео-со
ответствия и
 []

[11]) [12] (./algo.tex <images/Manip.png, id=43, 359.3425pt x 950.55125pt>
File: images/Manip.png Graphic file (type png)

<use images/Manip.png>
Package pdftex.def Info: images/Manip.png used on input line 4.
(pdftex.def)             Requested size: 229.18541pt x 606.26212pt.
 [13 <./images/Manip.png>] (./alopencv.tex
<images/opencv.png, id=50, 506.89375pt x 966.61125pt>
File: images/opencv.png Graphic file (type png)
 <use images/opencv.png>
Package pdftex.def Info: images/opencv.png used on input line 4.
(pdftex.def)             Requested size: 331.04474pt x 631.29874pt.
)
(./alarduino.tex <images/arduino.png, id=51, 524.96124pt x 735.74875pt>
File: images/arduino.png Graphic file (type png)

<use images/arduino.png>
Package pdftex.def Info: images/arduino.png used on input line 4.
(pdftex.def)             Requested size: 331.04474pt x 463.98445pt.
 [14 <./images/opencv.png>]) [15 <./images/arduino.png>]) (./test.tex <images/s
boku.jpg, id=60, 2569.6pt x 1905.1175pt>
File: images/sboku.jpg Graphic file (type jpg)

<use images/sboku.jpg>
Package pdftex.def Info: images/sboku.jpg used on input line 6.
(pdftex.def)             Requested size: 432.91182pt x 320.95872pt.

Underfull \hbox (badness 1286) in paragraph at lines 15--16
[]\T2A/cmr/m/n/14.4 захват пред-ме-та не все-гда про-хо-дил успеш-но и в слу-ча
е неуда-чи,
 []


Underfull \hbox (badness 1033) in paragraph at lines 15--16
\T2A/cmr/m/n/14.4 ма-ни-пу-ля-тор про-дол-жал за-про-грам-ми-ро-ван-ные дей-ств
ия, буд-то пред-мет он
 []

[16 <./images/sboku.jpg>] <images/vyst.png, id=64, 456.95718pt x 470.50781pt>
File: images/vyst.png Graphic file (type png)

<use images/vyst.png>
Package pdftex.def Info: images/vyst.png used on input line 26.
(pdftex.def)             Requested size: 432.91182pt x 445.76657pt.
 [17 <./images/vyst.png (PNG copy)>]
<images/webcam.jpg, id=68, 2569.6pt x 1905.1175pt>
File: images/webcam.jpg Graphic file (type jpg)
 <use images/webcam.jpg>
Package pdftex.def Info: images/webcam.jpg used on input line 35.
(pdftex.def)             Requested size: 432.91182pt x 320.95872pt.
)
[18 <./images/webcam.jpg>] (./conclusion.tex
Underfull \hbox (badness 1728) in paragraph at lines 1--2
[]\T2A/cmr/m/n/14.4 В про-цес-се про-хож-де-ния про-из-вод-ствен-ной прак-ти-ки
 бы-ли по-лу-че-ны
 []


Underfull \hbox (badness 10000) in paragraph at lines 1--2
\T2A/cmr/m/n/14.4 на-вы-ки про-грам-ми-ро-ва-ния с си-сте-мой ком-пью-тер-но-го
 зре-ния, на-вы-ки
 []


Underfull \hbox (badness 1668) in paragraph at lines 1--2
\T2A/cmr/m/n/14.4 про-грам-ми-ро-ва-ния мик-ро-кон-трол-ле-ров arduino и пе-ре-
да-ча ин-фор-ма-ции по
 []

)
Underfull \hbox (badness 4108) in paragraph at lines 5--40
[]\T2A/cmr/m/n/14.4 Над дан-ным про-ек-том ра-бо-та-ло несколь-но че-ло-век, по
-это-му бы-ли
 []

[19] (./literature.tex
Underfull \hbox (badness 10000) in paragraph at lines 2--4
[]\T2A/cmr/m/n/14.4 Промышленные ма-ни-пу-ля-то-ры. [Элек-трон-ный ре-сурс]. Ре
-жим
 []


Underfull \hbox (badness 10000) in paragraph at lines 5--7
[]\T2A/cmr/m/n/14.4 Машинное зре-ние. [Элек-трон-ный ре-сурс]. Ре-жим до-сту-па
:
 []


Underfull \hbox (badness 10000) in paragraph at lines 8--10
[]\T2A/cmr/m/n/14.4 OpenCV. [Элек-трон-ный ре-сурс]. Ре-жим до-сту-па:
 []


Underfull \hbox (badness 10000) in paragraph at lines 11--13
\T2A/cmr/m/n/14.4 до-сту-па: http://developer.alexanderklimov.ru/arduino-minimu
m.php (Да-та
 []

) (./add0.tex [20]
LaTeX Font Info:    Try loading font information for T2A+cmtt on input line 2.
 (/usr/share/texlive/texmf-dist/tex/latex/cyrillic/t2acmtt.fd
File: t2acmtt.fd 2001/08/11 v1.0a Computer Modern Cyrillic font definitions
) [21

] [22] [23] [24] [25] [26] [27] [28]
Overfull \hbox (1.86584pt too wide) in paragraph at lines 316--317
[][][][][][][][][][][] 
 []

[29] [30] [31] [32] [33]) [34] 
AED: lastpage setting LastPage
(./report.aux)

LaTeX Font Warning: Size substitutions with differences
(Font)              up to 1.28pt have occurred.


LaTeX Warning: Label(s) may have changed. Rerun to get cross-references right.

 ) 
Here is how much of TeX's memory you used:
 9836 strings out of 493029
 143828 string characters out of 6136235
 240287 words of memory out of 5000000
 13106 multiletter control sequences out of 15000+600000
 13851 words of font info for 31 fonts, out of 8000000 for 9000
 1141 hyphenation exceptions out of 8191
 52i,8n,42p,1352b,882s stack positions out of 5000i,500n,10000p,200000b,80000s
{/usr/share/texmf/fonts/enc/dvips/cm-super/cm-super-t2a.enc}</usr/share/texli
ve/texmf-dist/fonts/type1/public/amsfonts/cm/cmsy10.pfb></usr/share/texmf/fonts
/type1/public/cm-super/sfrm1000.pfb></usr/share/texmf/fonts/type1/public/cm-sup
er/sfrm1440.pfb></usr/share/texmf/fonts/type1/public/cm-super/sftt1200.pfb>
Output written on report.pdf (34 pages, 1497017 bytes).
PDF statistics:
 140 PDF objects out of 1000 (max. 8388607)
 90 compressed objects within 1 object stream
 0 named destinations out of 1000 (max. 500000)
 31 words of extra memory for PDF output out of 10000 (max. 10000000)

